compiler/src/engine/VrEngine/Projects/Android/build/intermediates/manifest_merge_blame_file/debug/manifest-merger-blame-debug-report.txt
1<?xml version="1.0" encoding="utf-8"?>
2<manifest xmlns:android="http://schemas.android.com/apk/res/android"
3    package="com.maybebroken.VrEngine"
4    android:installLocation="auto"
5    android:versionCode="1"
6    android:versionName="1.0" >
7
8    <uses-sdk
9        android:minSdkVersion="26"
9-->Projects\Android\AndroidManifest.xml
10        android:targetSdkVersion="32" />
10-->Projects\Android\AndroidManifest.xml
11    <!-- Tell the system this app requires OpenGL ES 3.1. -->
12    <uses-feature
12-->Projects\Android\AndroidManifest.xml:10:3-13:5
13        android:glEsVersion="0x00030001"
13-->Projects\Android\AndroidManifest.xml:11:5-37
14        android:required="true" />
14-->Projects\Android\AndroidManifest.xml:12:5-28
15    <uses-feature
15-->Projects\Android\AndroidManifest.xml:14:3-17:5
16        android:name="android.hardware.vr.headtracking"
16-->Projects\Android\AndroidManifest.xml:15:5-52
17        android:required="true" />
17-->Projects\Android\AndroidManifest.xml:16:5-28
18    <uses-feature
18-->Projects\Android\AndroidManifest.xml:18:3-21:5
19        android:name="com.oculus.experimental.enabled"
19-->Projects\Android\AndroidManifest.xml:19:5-51
20        android:required="true" />
20-->Projects\Android\AndroidManifest.xml:20:5-28
21    <!-- Tell the system this app can handle tracked remotes and hands -->
22    <uses-permission android:name="com.oculus.permission.HAND_TRACKING" />
22-->Projects\Android\AndroidManifest.xml:23:3-73
22-->Projects\Android\AndroidManifest.xml:23:20-70
23
24    <uses-feature
24-->Projects\Android\AndroidManifest.xml:24:3-27:5
25        android:name="oculus.software.handtracking"
25-->Projects\Android\AndroidManifest.xml:25:5-48
26        android:required="false" />
26-->Projects\Android\AndroidManifest.xml:26:5-29
27
28    <uses-permission android:name="org.khronos.openxr.permission.OPENXR" />
28-->[org.khronos.openxr:openxr_loader_for_android:1.1.53] AndroidManifest.xml:13:3-74
28-->[org.khronos.openxr:openxr_loader_for_android:1.1.53] AndroidManifest.xml:13:20-71
29    <uses-permission android:name="org.khronos.openxr.permission.OPENXR_SYSTEM" />
29-->[org.khronos.openxr:openxr_loader_for_android:1.1.53] AndroidManifest.xml:14:3-81
29-->[org.khronos.openxr:openxr_loader_for_android:1.1.53] AndroidManifest.xml:14:20-78
30
31    <queries>
31-->[org.khronos.openxr:openxr_loader_for_android:1.1.53] AndroidManifest.xml:16:3-27:13
32
33        <!-- to talk to the broker -->
34        <provider android:authorities="org.khronos.openxr.runtime_broker;org.khronos.openxr.system_runtime_broker" />
34-->[org.khronos.openxr:openxr_loader_for_android:1.1.53] AndroidManifest.xml:18:5-114
34-->[org.khronos.openxr:openxr_loader_for_android:1.1.53] AndroidManifest.xml:18:15-111
35
36        <!-- so client-side code of runtime/layers can talk to their service sides -->
37        <intent>
37-->[org.khronos.openxr:openxr_loader_for_android:1.1.53] AndroidManifest.xml:21:5-23:14
38            <action android:name="org.khronos.openxr.OpenXRRuntimeService" />
38-->[org.khronos.openxr:openxr_loader_for_android:1.1.53] AndroidManifest.xml:22:7-72
38-->[org.khronos.openxr:openxr_loader_for_android:1.1.53] AndroidManifest.xml:22:15-69
39        </intent>
40        <intent>
40-->[org.khronos.openxr:openxr_loader_for_android:1.1.53] AndroidManifest.xml:24:5-26:14
41            <action android:name="org.khronos.openxr.OpenXRApiLayerService" />
41-->[org.khronos.openxr:openxr_loader_for_android:1.1.53] AndroidManifest.xml:25:7-73
41-->[org.khronos.openxr:openxr_loader_for_android:1.1.53] AndroidManifest.xml:25:15-70
42        </intent>
43    </queries>
44
45    <application
45-->Projects\Android\AndroidManifest.xml:28:3-57:17
46        android:allowBackup="false"
46-->Projects\Android\AndroidManifest.xml:29:5-32
47        android:debuggable="true"
48        android:extractNativeLibs="false"
49        android:label="@string/app_name"
49-->Projects\Android\AndroidManifest.xml:30:5-37
50        android:testOnly="true" >
51
52        <!--
53         launchMode is set to singleTask because there should never be multiple copies of the
54		app running
55        -->
56        <!--
57         Theme.Black.NoTitleBar.Fullscreen gives solid black instead of a (bad stereoscopic)
58		gradient on app transition
59        -->
60        <activity
60-->Projects\Android\AndroidManifest.xml:36:5-56:16
61            android:name="com.oculus.xrsamples.xrhands_and_controllers.MainActivity"
61-->Projects\Android\AndroidManifest.xml:37:7-79
62            android:configChanges="screenSize|screenLayout|orientation|keyboardHidden|keyboard|navigation|uiMode"
62-->Projects\Android\AndroidManifest.xml:42:7-108
63            android:exported="true"
63-->Projects\Android\AndroidManifest.xml:43:7-30
64            android:label="@string/app_name"
64-->Projects\Android\AndroidManifest.xml:39:7-39
65            android:launchMode="singleTask"
65-->Projects\Android\AndroidManifest.xml:40:7-38
66            android:screenOrientation="landscape"
66-->Projects\Android\AndroidManifest.xml:41:7-44
67            android:theme="@android:style/Theme.Black.NoTitleBar.Fullscreen" >
67-->Projects\Android\AndroidManifest.xml:38:7-71
68
69            <!-- Tell NativeActivity the name of the .so -->
70            <meta-data
70-->Projects\Android\AndroidManifest.xml:46:7-49:9
71                android:name="android.app.lib_name"
71-->Projects\Android\AndroidManifest.xml:47:9-44
72                android:value="xrsamples_xrhands_and_controllers" />
72-->Projects\Android\AndroidManifest.xml:48:9-58
73            <!-- This filter lets the apk show up as a launchable icon -->
74            <intent-filter>
74-->Projects\Android\AndroidManifest.xml:51:7-55:23
75                <action android:name="android.intent.action.MAIN" />
75-->Projects\Android\AndroidManifest.xml:52:9-61
75-->Projects\Android\AndroidManifest.xml:52:17-58
76
77                <category android:name="org.khronos.openxr.intent.category.IMMERSIVE_HMD" />
77-->Projects\Android\AndroidManifest.xml:53:9-85
77-->Projects\Android\AndroidManifest.xml:53:19-82
78                <category android:name="android.intent.category.LAUNCHER" />
78-->Projects\Android\AndroidManifest.xml:54:9-69
78-->Projects\Android\AndroidManifest.xml:54:19-66
79            </intent-filter>
80        </activity>
81    </application>
82
83</manifest>